  Running command git clone --quiet https://github.com/huggingface/transformers.git /tmp/pip-install-0l86wez7/transformers_537aba66ac4f4ab580b5a85b25046f6e
  Running command git clone --quiet https://github.com/huggingface/peft.git /tmp/pip-install-0l86wez7/peft_f070037a82f1402989807a7ab60960b3
  Running command git clone --quiet https://github.com/huggingface/accelerate.git /tmp/pip-install-0l86wez7/accelerate_abb6a6a270bd47dfa6d1f11d895272e6
/home/brc4cb/.conda/envs/falcon_40B/lib/python3.9/site-packages/bitsandbytes/cuda_setup/main.py:149: UserWarning: Found duplicate ['libcudart.so', 'libcudart.so.11.0', 'libcudart.so.12.0'] files: {PosixPath('/home/brc4cb/.conda/envs/falcon_40B/lib/libcudart.so.11.0'), PosixPath('/home/brc4cb/.conda/envs/falcon_40B/lib/libcudart.so')}.. We'll flip a coin and try one of these, in order to fail forward.
Either way, this might cause trouble in the future:
If you get `CUDA error: invalid device function` errors, the above might be the cause and the solution is to make sure only one ['libcudart.so', 'libcudart.so.11.0', 'libcudart.so.12.0'] in the paths that we search based on your env.
  warn(msg)
Loading checkpoint shards:   0%|          | 0/2 [00:00<?, ?it/s]Loading checkpoint shards:  50%|█████     | 1/2 [00:05<00:05,  5.35s/it]Loading checkpoint shards: 100%|██████████| 2/2 [00:08<00:00,  3.76s/it]Loading checkpoint shards: 100%|██████████| 2/2 [00:08<00:00,  4.00s/it]
/home/brc4cb/.conda/envs/falcon_40B/lib/python3.9/site-packages/transformers/generation/utils.py:1261: UserWarning: You have modified the pretrained model configuration to control generation. This is a deprecated strategy to control generation and will be removed soon, in a future version. Please use a generation configuration file (see https://huggingface.co/docs/transformers/main_classes/text_generation )
  warnings.warn(
Setting `pad_token_id` to `eos_token_id`:11 for open-end generation.
Setting `pad_token_id` to `eos_token_id`:11 for open-end generation.
Setting `pad_token_id` to `eos_token_id`:11 for open-end generation.
Setting `pad_token_id` to `eos_token_id`:11 for open-end generation.
Setting `pad_token_id` to `eos_token_id`:11 for open-end generation.
Setting `pad_token_id` to `eos_token_id`:11 for open-end generation.
Setting `pad_token_id` to `eos_token_id`:11 for open-end generation.
Setting `pad_token_id` to `eos_token_id`:11 for open-end generation.
Setting `pad_token_id` to `eos_token_id`:11 for open-end generation.
Setting `pad_token_id` to `eos_token_id`:11 for open-end generation.
Loading checkpoint shards:   0%|          | 0/2 [00:00<?, ?it/s]Loading checkpoint shards:  50%|█████     | 1/2 [00:04<00:04,  4.74s/it]Loading checkpoint shards: 100%|██████████| 2/2 [00:07<00:00,  3.29s/it]Loading checkpoint shards: 100%|██████████| 2/2 [00:07<00:00,  3.51s/it]
Setting `pad_token_id` to `eos_token_id`:11 for open-end generation.
Setting `pad_token_id` to `eos_token_id`:11 for open-end generation.
Setting `pad_token_id` to `eos_token_id`:11 for open-end generation.
Setting `pad_token_id` to `eos_token_id`:11 for open-end generation.
Setting `pad_token_id` to `eos_token_id`:11 for open-end generation.
Setting `pad_token_id` to `eos_token_id`:11 for open-end generation.
Setting `pad_token_id` to `eos_token_id`:11 for open-end generation.
Setting `pad_token_id` to `eos_token_id`:11 for open-end generation.
Setting `pad_token_id` to `eos_token_id`:11 for open-end generation.
Setting `pad_token_id` to `eos_token_id`:11 for open-end generation.
Loading checkpoint shards:   0%|          | 0/2 [00:00<?, ?it/s]Loading checkpoint shards:  50%|█████     | 1/2 [00:06<00:06,  6.40s/it]Loading checkpoint shards: 100%|██████████| 2/2 [00:09<00:00,  4.54s/it]Loading checkpoint shards: 100%|██████████| 2/2 [00:09<00:00,  4.82s/it]
Setting `pad_token_id` to `eos_token_id`:11 for open-end generation.
Setting `pad_token_id` to `eos_token_id`:11 for open-end generation.
Setting `pad_token_id` to `eos_token_id`:11 for open-end generation.
Setting `pad_token_id` to `eos_token_id`:11 for open-end generation.
Setting `pad_token_id` to `eos_token_id`:11 for open-end generation.
Setting `pad_token_id` to `eos_token_id`:11 for open-end generation.
Setting `pad_token_id` to `eos_token_id`:11 for open-end generation.
Setting `pad_token_id` to `eos_token_id`:11 for open-end generation.
Setting `pad_token_id` to `eos_token_id`:11 for open-end generation.
Setting `pad_token_id` to `eos_token_id`:11 for open-end generation.
