  Running command git clone --quiet https://github.com/huggingface/transformers.git /tmp/pip-install-ph01jnyd/transformers_cfee3d14135e47b7a04938a0593724bd
  Running command git clone --quiet https://github.com/huggingface/peft.git /tmp/pip-install-ph01jnyd/peft_f9251dd22bbc430c9dcef32953821eb0
  Running command git clone --quiet https://github.com/huggingface/accelerate.git /tmp/pip-install-ph01jnyd/accelerate_e4f30c68401f43cdaaa2444a0df56a9e
/home/brc4cb/.conda/envs/falcon_40B/lib/python3.9/site-packages/bitsandbytes/cuda_setup/main.py:149: UserWarning: Found duplicate ['libcudart.so', 'libcudart.so.11.0', 'libcudart.so.12.0'] files: {PosixPath('/home/brc4cb/.conda/envs/falcon_40B/lib/libcudart.so.11.0'), PosixPath('/home/brc4cb/.conda/envs/falcon_40B/lib/libcudart.so')}.. We'll flip a coin and try one of these, in order to fail forward.
Either way, this might cause trouble in the future:
If you get `CUDA error: invalid device function` errors, the above might be the cause and the solution is to make sure only one ['libcudart.so', 'libcudart.so.11.0', 'libcudart.so.12.0'] in the paths that we search based on your env.
  warn(msg)
Loading checkpoint shards:   0%|          | 0/2 [00:00<?, ?it/s]Loading checkpoint shards:  50%|█████     | 1/2 [00:05<00:05,  5.39s/it]Loading checkpoint shards: 100%|██████████| 2/2 [00:07<00:00,  3.66s/it]Loading checkpoint shards: 100%|██████████| 2/2 [00:07<00:00,  3.92s/it]
/home/brc4cb/.conda/envs/falcon_40B/lib/python3.9/site-packages/transformers/generation/utils.py:1261: UserWarning: You have modified the pretrained model configuration to control generation. This is a deprecated strategy to control generation and will be removed soon, in a future version. Please use a generation configuration file (see https://huggingface.co/docs/transformers/main_classes/text_generation )
  warnings.warn(
Setting `pad_token_id` to `eos_token_id`:11 for open-end generation.
Setting `pad_token_id` to `eos_token_id`:11 for open-end generation.
Setting `pad_token_id` to `eos_token_id`:11 for open-end generation.
Setting `pad_token_id` to `eos_token_id`:11 for open-end generation.
Setting `pad_token_id` to `eos_token_id`:11 for open-end generation.
Setting `pad_token_id` to `eos_token_id`:11 for open-end generation.
Setting `pad_token_id` to `eos_token_id`:11 for open-end generation.
Setting `pad_token_id` to `eos_token_id`:11 for open-end generation.
Setting `pad_token_id` to `eos_token_id`:11 for open-end generation.
Setting `pad_token_id` to `eos_token_id`:11 for open-end generation.
Loading checkpoint shards:   0%|          | 0/2 [00:00<?, ?it/s]Loading checkpoint shards:  50%|█████     | 1/2 [00:04<00:04,  4.54s/it]Loading checkpoint shards: 100%|██████████| 2/2 [00:06<00:00,  3.09s/it]Loading checkpoint shards: 100%|██████████| 2/2 [00:06<00:00,  3.31s/it]
Setting `pad_token_id` to `eos_token_id`:11 for open-end generation.
Setting `pad_token_id` to `eos_token_id`:11 for open-end generation.
Setting `pad_token_id` to `eos_token_id`:11 for open-end generation.
Setting `pad_token_id` to `eos_token_id`:11 for open-end generation.
Setting `pad_token_id` to `eos_token_id`:11 for open-end generation.
Setting `pad_token_id` to `eos_token_id`:11 for open-end generation.
Setting `pad_token_id` to `eos_token_id`:11 for open-end generation.
Setting `pad_token_id` to `eos_token_id`:11 for open-end generation.
Setting `pad_token_id` to `eos_token_id`:11 for open-end generation.
Setting `pad_token_id` to `eos_token_id`:11 for open-end generation.
