  WARNING: The script transformers-cli is installed in '/home/brc4cb/.local/bin' which is not on PATH.
  Consider adding this directory to PATH or, if you prefer to suppress this warning, use --no-warn-script-location.
  WARNING: The scripts accelerate, accelerate-config and accelerate-launch are installed in '/home/brc4cb/.local/bin' which is not on PATH.
  Consider adding this directory to PATH or, if you prefer to suppress this warning, use --no-warn-script-location.
/home/brc4cb/.conda/envs/falcon_40B/lib/python3.9/site-packages/bitsandbytes/cuda_setup/main.py:149: UserWarning: /home/brc4cb/.conda/envs/falcon_40B did not contain ['libcudart.so', 'libcudart.so.11.0', 'libcudart.so.12.0'] as expected! Searching further paths...
  warn(msg)
Traceback (most recent call last):
  File "/gpfs/gpfs0/project/SDS/research/christ_research/falcon/qlora/qlora.py", line 15, in <module>
    import bitsandbytes as bnb
  File "/home/brc4cb/.conda/envs/falcon_40B/lib/python3.9/site-packages/bitsandbytes/__init__.py", line 6, in <module>
    from . import cuda_setup, utils, research
  File "/home/brc4cb/.conda/envs/falcon_40B/lib/python3.9/site-packages/bitsandbytes/research/__init__.py", line 1, in <module>
    from . import nn
  File "/home/brc4cb/.conda/envs/falcon_40B/lib/python3.9/site-packages/bitsandbytes/research/nn/__init__.py", line 1, in <module>
    from .modules import LinearFP8Mixed, LinearFP8Global
  File "/home/brc4cb/.conda/envs/falcon_40B/lib/python3.9/site-packages/bitsandbytes/research/nn/modules.py", line 8, in <module>
    from bitsandbytes.optim import GlobalOptimManager
  File "/home/brc4cb/.conda/envs/falcon_40B/lib/python3.9/site-packages/bitsandbytes/optim/__init__.py", line 8, in <module>
    from .adagrad import Adagrad, Adagrad8bit, Adagrad32bit
  File "/home/brc4cb/.conda/envs/falcon_40B/lib/python3.9/site-packages/bitsandbytes/optim/adagrad.py", line 5, in <module>
    from bitsandbytes.optim.optimizer import Optimizer1State
  File "/home/brc4cb/.conda/envs/falcon_40B/lib/python3.9/site-packages/bitsandbytes/optim/optimizer.py", line 12, in <module>
    import bitsandbytes.functional as F
  File "/home/brc4cb/.conda/envs/falcon_40B/lib/python3.9/site-packages/bitsandbytes/functional.py", line 12, in <module>
    from scipy.stats import norm
ModuleNotFoundError: No module named 'scipy'
